Using pre-set license
Built from '2020.3/staging' branch; Version is '2020.3.26f1 (7298b473bc1a) revision 7510196'; Using compiler version '192528614'; Build Type 'Release'
OS: 'Windows 10  (10.0.19044) 64bit CoreSingleLanguage' Language: 'en' Physical Memory: 7600 MB
BatchMode: 1, IsHumanControllingUs: 0, StartBugReporterOnCrash: 0, Is64bit: 1, IsPro: 0

COMMAND LINE ARGUMENTS:
C:\Program Files\Unity\Hub\Editor\2020.3.26f1\Editor\Unity.exe
-adb2
-batchMode
-noUpm
-name
AssetImportWorker0
-projectPath
D:/Programming Stuff/Files/Unity Stuff/Unity Projects/Knowtified Round 1 Task
-logFile
Logs/AssetImportWorker0.log
-srvPort
60654
Successfully changed project path to: D:/Programming Stuff/Files/Unity Stuff/Unity Projects/Knowtified Round 1 Task
D:/Programming Stuff/Files/Unity Stuff/Unity Projects/Knowtified Round 1 Task
Using Asset Import Pipeline V2.
Refreshing native plugins compatible for Editor in 42.96 ms, found 4 plugins.
Preloading 0 native plugins for Editor in 0.00 ms.
Initialize engine version: 2020.3.26f1 (7298b473bc1a)
[Subsystems] Discovering subsystems at path C:/Program Files/Unity/Hub/Editor/2020.3.26f1/Editor/Data/Resources/UnitySubsystems
[Subsystems] Discovering subsystems at path D:/Programming Stuff/Files/Unity Stuff/Unity Projects/Knowtified Round 1 Task/Assets
GfxDevice: creating device client; threaded=0
Direct3D:
    Version:  Direct3D 11.0 [level 11.1]
    Renderer: NVIDIA GeForce RTX 3050 Laptop GPU (ID=0x25a5)
    Vendor:   
    VRAM:     3991 MB
    Driver:   30.0.15.1123
Initialize mono
Mono path[0] = 'C:/Program Files/Unity/Hub/Editor/2020.3.26f1/Editor/Data/Managed'
Mono path[1] = 'C:/Program Files/Unity/Hub/Editor/2020.3.26f1/Editor/Data/MonoBleedingEdge/lib/mono/unityjit'
Mono config path = 'C:/Program Files/Unity/Hub/Editor/2020.3.26f1/Editor/Data/MonoBleedingEdge/etc'
Using monoOptions --debugger-agent=transport=dt_socket,embedding=1,server=y,suspend=n,address=127.0.0.1:56536
Begin MonoManager ReloadAssembly
Registering precompiled unity dll's ...
Register platform support module: C:/Program Files/Unity/Hub/Editor/2020.3.26f1/Editor/Data/PlaybackEngines/WindowsStandaloneSupport/UnityEditor.WindowsStandalone.Extensions.dll
Registered in 0.002179 seconds.
Native extension for WindowsStandalone target not found
Refreshing native plugins compatible for Editor in 39.28 ms, found 4 plugins.
Preloading 0 native plugins for Editor in 0.00 ms.
Mono: successfully reloaded assembly
- Completed reload, in  0.520 seconds
Domain Reload Profiling:
	ReloadAssembly (521ms)
		BeginReloadAssembly (53ms)
			ExecutionOrderSort (0ms)
			DisableScriptedObjects (0ms)
			BackupInstance (0ms)
			ReleaseScriptingObjects (0ms)
			CreateAndSetChildDomain (1ms)
		EndReloadAssembly (400ms)
			LoadAssemblies (50ms)
			RebuildTransferFunctionScriptingTraits (0ms)
			SetupTypeCache (131ms)
			ReleaseScriptCaches (0ms)
			RebuildScriptCaches (28ms)
			SetupLoadedEditorAssemblies (151ms)
				LogAssemblyErrors (0ms)
				InitializePlatformSupportModulesInManaged (4ms)
				SetLoadedEditorAssemblies (0ms)
				RefreshPlugins (39ms)
				BeforeProcessingInitializeOnLoad (11ms)
				ProcessInitializeOnLoadAttributes (71ms)
				ProcessInitializeOnLoadMethodAttributes (25ms)
				AfterProcessingInitializeOnLoad (0ms)
				EditorAssembliesLoaded (0ms)
			ExecutionOrderSort2 (0ms)
			AwakeInstancesAfterBackupRestoration (0ms)
Platform modules already initialized, skipping
Registering precompiled user dll's ...
Registered in 0.006563 seconds.
Begin MonoManager ReloadAssembly
Native extension for WindowsStandalone target not found
Refreshing native plugins compatible for Editor in 0.60 ms, found 4 plugins.
Preloading 0 native plugins for Editor in 0.00 ms.
Unity 2020 LTS will be the last version of the editor which supports Magic Leap 1. Developers can continue to build for Magic Leap 1 using Unity 2020 LTS or 2019 LTS.
UnityEngine.StackTraceUtility:ExtractStackTrace ()
UnityEngine.DebugLogHandler:LogFormat (UnityEngine.LogType,UnityEngine.Object,string,object[])
UnityEngine.Logger:Log (UnityEngine.LogType,object)
UnityEngine.Debug:LogWarning (object)
UnityEditor.XR.MagicLeap.XRPackage:.cctor () (at Library/PackageCache/com.unity.xr.magicleap@6.4.1/Editor/MagicLeapPackageMetadata.cs:27)
System.Reflection.MonoCMethod:InternalInvoke (object,object[])
System.RuntimeType:CreateInstanceMono (bool)
System.RuntimeType:CreateInstanceSlow (bool,bool,bool,System.Threading.StackCrawlMark&)
System.RuntimeType:CreateInstanceDefaultCtor (bool,bool,bool,System.Threading.StackCrawlMark&)
System.Activator:CreateInstance (System.Type,bool)
System.Activator:CreateInstance (System.Type)
UnityEditor.XR.Management.XRPackageInitializationBootstrap:BeginPackageInitialization () (at Library/PackageCache/com.unity.xr.management@4.0.7/Editor/XRPackageInitialization.cs:81)
UnityEditor.XR.Management.XRPackageInitializationBootstrap:.cctor () (at Library/PackageCache/com.unity.xr.management@4.0.7/Editor/XRPackageInitialization.cs:50)
System.Runtime.CompilerServices.RuntimeHelpers:RunClassConstructor (System.RuntimeTypeHandle)
UnityEditor.EditorAssemblies:ProcessInitializeOnLoadAttributes (System.Type[])

(Filename: Library/PackageCache/com.unity.xr.magicleap@6.4.1/Editor/MagicLeapPackageMetadata.cs Line: 27)

Received signal SIGSEGV
Stack trace:
0x00007ff7c3a6a938 (Unity) <lambda_88a709b3b671b0ca13d98e48172ea63d>::operator()
0x00007ff7c3aa12f4 (Unity) LMDB_Transaction::Run
0x00007ff7c3aa15d0 (Unity) SourceAssetDBWriteTxn::Run
0x00007ff7c3a77da6 (Unity) SourceAssetScanner::Refresh
0x00007ff7c3a4b896 (Unity) ImportAtPathV2
0x00007ff7c39e6192 (Unity) AssetDatabase::ImportAtPath
0x00007ff7c3a38ea6 (Unity) CreateFolderV2
0x00007ff7c39ddcbe (Unity) AssetDatabase::CreateFolder
0x00007ff7c3f5cccf (Unity) AssetDatabaseBindings::CreateFolder
0x00007ff7c3e6fda8 (Unity) AssetDatabase_CUSTOM_CreateFolder
0x0000021ff56a72fd (Mono JIT Code) (wrapper managed-to-native) UnityEditor.AssetDatabase:CreateFolder (string,string)
0x0000021ff56a700b (Mono JIT Code) [EditorUtilities.cs:69] UnityEditor.XR.Management.EditorUtilities:GetAssetPathForComponents (string[],string) 
0x0000021ff56a0153 (Mono JIT Code) [XRPackageInitialization.cs:152] UnityEditor.XR.Management.XRPackageInitializationBootstrap:InitializeLoaderFromMetadata (string,System.Collections.Generic.List`1<UnityEditor.XR.Management.Metadata.IXRLoaderMetadata>) 
0x0000021ff569fc03 (Mono JIT Code) [XRPackageInitialization.cs:130] UnityEditor.XR.Management.XRPackageInitializationBootstrap:InitializePackageFromMetadata (UnityEditor.XR.Management.Metadata.IXRPackage,UnityEditor.XR.Management.Metadata.IXRPackageMetadata) 
0x0000021ff569b0fb (Mono JIT Code) [XRPackageInitialization.cs:118] UnityEditor.XR.Management.XRPackageInitializationBootstrap:InitPackage (UnityEditor.XR.Management.Metadata.IXRPackage) 
0x0000021ff56989d3 (Mono JIT Code) [XRPackageInitialization.cs:76] UnityEditor.XR.Management.XRPackageInitializationBootstrap:BeginPackageInitialization () 
0x0000021ff569834b (Mono JIT Code) [XRPackageInitialization.cs:53] UnityEditor.XR.Management.XRPackageInitializationBootstrap:.cctor () 
0x0000021ff569804d (Mono JIT Code) (wrapper runtime-invoke) object:runtime_invoke_void (object,intptr,intptr,intptr)
0x00007ff99706f1e0 (mono-2.0-bdwgc) [mini-runtime.c:2849] mono_jit_runtime_invoke 
0x00007ff996ff2ac2 (mono-2.0-bdwgc) [object.c:2921] do_runtime_invoke 
0x00007ff996ffb1dc (mono-2.0-bdwgc) [object.c:477] mono_runtime_class_init_full 
0x00007ff996fa8d3e (mono-2.0-bdwgc) [icall.c:990] ves_icall_System_Runtime_CompilerServices_RuntimeHelpers_RunClassConstructor 
0x0000021ff2294b00 (Mono JIT Code) (wrapper managed-to-native) System.Runtime.CompilerServices.RuntimeHelpers:RunClassConstructor (intptr)
0x0000021ff2294a0b (Mono JIT Code) System.Runtime.CompilerServices.RuntimeHelpers:RunClassConstructor (System.RuntimeTypeHandle)
0x0000021ff229466b (Mono JIT Code) UnityEditor.EditorAssemblies:ProcessInitializeOnLoadAttributes (System.Type[])
0x0000021ff22ca990 (Mono JIT Code) (wrapper runtime-invoke) <Module>:runtime_invoke_void_object (object,intptr,intptr,intptr)
0x00007ff99706f1e0 (mono-2.0-bdwgc) [mini-runtime.c:2849] mono_jit_runtime_invoke 
0x00007ff996ff2ac2 (mono-2.0-bdwgc) [object.c:2921] do_runtime_invoke 
0x00007ff996ffbb1f (mono-2.0-bdwgc) [object.c:2968] mono_runtime_invoke 
0x00007ff7c2b2cf74 (Unity) scripting_method_invoke
0x00007ff7c2b28251 (Unity) ScriptingInvocation::Invoke
0x00007ff7c2b22045 (Unity) ScriptingInvocation::Invoke<void>
0x00007ff7c1de9de3 (Unity) Scripting::UnityEditor::EditorAssembliesProxy::ProcessInitializeOnLoadAttributes
0x00007ff7c2b00a0b (Unity) MonoManager::SetupLoadedEditorAssemblies
0x00007ff7c2af7761 (Unity) MonoManager::EndReloadAssembly
0x00007ff7c2afe867 (Unity) MonoManager::ReloadAssembly
0x00007ff7c37fd481 (Unity) LoadDomainAndUserAssemblies
0x00007ff7c37fdae9 (Unity) LoadUserAssemblies
0x00007ff7c3502a78 (Unity) Application::InitializeProject
0x00007ff7c3957ae2 (Unity) WinMain
0x00007ff7c4fe75e2 (Unity) __scrt_common_main_seh
0x00007ffa2e977034 (KERNEL32) BaseThreadInitThunk
0x00007ffa2fc22651 (ntdll) RtlUserThreadStart

